<?xml version="1.0" encoding="UTF-8"?>
<!-- Generated by org.testng.reporters.JUnitXMLReporter -->
<testsuite hostname="EMACBOOK.local" name="Login" tests="11" failures="0" timestamp="19 Aug 2015 06:40:49 GMT" time="0.976" errors="0">
  <testcase name="@BeforeMethod setUp" time="0.0" classname="com.tesco.clubcardmobile.tests.NoNetworkTest">
    <failure type="java.lang.NullPointerException">
      <![CDATA[java.lang.NullPointerException
	at com.tesco.clubcardmobile.utils.Config.setUp(Config.java:96)
	at com.tesco.clubcardmobile.tests.NoNetworkTest.setUp(NoNetworkTest.java:50)
... Removed 26 stack frames]]>
    </failure>
  </testcase> <!-- @BeforeMethod setUp -->
  <testcase name="@BeforeMethod setUp" time="0.0" classname="com.tesco.clubcardmobile.tests.NoNetworkTest">
    <skipped/>
  </testcase> <!-- @BeforeMethod setUp -->
  <testcase name="@BeforeMethod setUp" time="0.0" classname="com.tesco.clubcardmobile.tests.NoNetworkTest">
    <skipped/>
  </testcase> <!-- @BeforeMethod setUp -->
  <testcase name="@BeforeMethod setUp" time="0.0" classname="com.tesco.clubcardmobile.tests.NoNetworkTest">
    <skipped/>
  </testcase> <!-- @BeforeMethod setUp -->
  <testcase name="@BeforeMethod setUp" time="0.0" classname="com.tesco.clubcardmobile.tests.NoNetworkTest">
    <skipped/>
  </testcase> <!-- @BeforeMethod setUp -->
  <testcase name="@BeforeMethod setUp" time="0.0" classname="com.tesco.clubcardmobile.tests.NoNetworkTest">
    <skipped/>
  </testcase> <!-- @BeforeMethod setUp -->
  <testcase name="@BeforeMethod setUp" time="0.0" classname="com.tesco.clubcardmobile.tests.NoNetworkTest">
    <skipped/>
  </testcase> <!-- @BeforeMethod setUp -->
  <testcase name="@BeforeMethod setUp" time="0.0" classname="com.tesco.clubcardmobile.tests.NoNetworkTest">
    <skipped/>
  </testcase> <!-- @BeforeMethod setUp -->
  <testcase name="@BeforeMethod setUp" time="0.0" classname="com.tesco.clubcardmobile.tests.NoNetworkTest">
    <skipped/>
  </testcase> <!-- @BeforeMethod setUp -->
  <testcase name="@BeforeMethod setUp" time="0.0" classname="com.tesco.clubcardmobile.tests.NoNetworkTest">
    <skipped/>
  </testcase> <!-- @BeforeMethod setUp -->
  <testcase name="@BeforeMethod setUp" time="0.0" classname="com.tesco.clubcardmobile.tests.NoNetworkTest">
    <skipped/>
  </testcase> <!-- @BeforeMethod setUp -->
  <testcase name="verifyRegistrationFirstScreen" time="0.001" classname="com.tesco.clubcardmobile.tests.NoNetworkTest">
    <skipped/>
  </testcase> <!-- verifyRegistrationFirstScreen -->
  <testcase name="verifyRegistrationSecondScreen" time="0.001" classname="com.tesco.clubcardmobile.tests.NoNetworkTest">
    <skipped/>
  </testcase> <!-- verifyRegistrationSecondScreen -->
  <testcase name="verifySignInScreen" time="0.0" classname="com.tesco.clubcardmobile.tests.NoNetworkTest">
    <skipped/>
  </testcase> <!-- verifySignInScreen -->
  <testcase name="verifySecureSignInScreen" time="0.001" classname="com.tesco.clubcardmobile.tests.NoNetworkTest">
    <skipped/>
  </testcase> <!-- verifySecureSignInScreen -->
  <testcase name="verifyHomeScreen" time="0.0" classname="com.tesco.clubcardmobile.tests.NoNetworkTest">
    <skipped/>
  </testcase> <!-- verifyHomeScreen -->
  <testcase name="verifyStoreFinderScreen" time="0.001" classname="com.tesco.clubcardmobile.tests.NoNetworkTest">
    <skipped/>
  </testcase> <!-- verifyStoreFinderScreen -->
  <testcase name="verifyProfileScreen" time="0.003" classname="com.tesco.clubcardmobile.tests.NoNetworkTest">
    <skipped/>
  </testcase> <!-- verifyProfileScreen -->
  <testcase name="verifyCouponsScreen" time="0.001" classname="com.tesco.clubcardmobile.tests.NoNetworkTest">
    <skipped/>
  </testcase> <!-- verifyCouponsScreen -->
  <testcase name="verifyOffersScreen" time="0.001" classname="com.tesco.clubcardmobile.tests.NoNetworkTest">
    <skipped/>
  </testcase> <!-- verifyOffersScreen -->
  <testcase name="verifyTillScreen" time="0.001" classname="com.tesco.clubcardmobile.tests.NoNetworkTest">
    <skipped/>
  </testcase> <!-- verifyTillScreen -->
  <testcase name="verifyFAQScreen" time="0.002" classname="com.tesco.clubcardmobile.tests.NoNetworkTest">
    <skipped/>
  </testcase> <!-- verifyFAQScreen -->
</testsuite> <!-- Login -->
