<?xml version="1.0" encoding="UTF-8"?>
<testng-results skipped="11" failed="0" total="11" passed="0">
  <reporter-output>
  </reporter-output>
  <suite name="DC" duration-ms="976" started-at="2015-08-19T06:40:48Z" finished-at="2015-08-19T06:40:49Z">
    <groups>
    </groups>
    <test name="Login" duration-ms="976" started-at="2015-08-19T06:40:48Z" finished-at="2015-08-19T06:40:49Z">
      <class name="com.tesco.clubcardmobile.tests.NoNetworkTest">
        <test-method status="FAIL" signature="setUp(java.lang.String)[pri:0, instance:com.tesco.clubcardmobile.tests.NoNetworkTest@5034c75a]" name="setUp" is-config="true" duration-ms="0" started-at="2015-08-19T12:10:48Z" finished-at="2015-08-19T12:10:48Z">
          <params>
            <param index="0">
              <value>
                <![CDATA[Android]]>
              </value>
            </param>
          </params>
          <exception class="java.lang.NullPointerException">
            <full-stacktrace>
              <![CDATA[java.lang.NullPointerException
	at com.tesco.clubcardmobile.utils.Config.setUp(Config.java:96)
	at com.tesco.clubcardmobile.tests.NoNetworkTest.setUp(NoNetworkTest.java:50)
	at sun.reflect.NativeMethodAccessorImpl.invoke0(Native Method)
	at sun.reflect.NativeMethodAccessorImpl.invoke(NativeMethodAccessorImpl.java:62)
	at sun.reflect.DelegatingMethodAccessorImpl.invoke(DelegatingMethodAccessorImpl.java:43)
	at java.lang.reflect.Method.invoke(Method.java:483)
	at org.testng.internal.MethodInvocationHelper.invokeMethod(MethodInvocationHelper.java:85)
	at org.testng.internal.Invoker.invokeConfigurationMethod(Invoker.java:517)
	at org.testng.internal.Invoker.invokeConfigurations(Invoker.java:213)
	at org.testng.internal.Invoker.invokeMethod(Invoker.java:601)
	at org.testng.internal.Invoker.invokeTestMethod(Invoker.java:845)
	at org.testng.internal.Invoker.invokeTestMethods(Invoker.java:1153)
	at org.testng.internal.TestMethodWorker.invokeTestMethods(TestMethodWorker.java:125)
	at org.testng.internal.TestMethodWorker.run(TestMethodWorker.java:108)
	at org.testng.TestRunner.privateRun(TestRunner.java:771)
	at org.testng.TestRunner.run(TestRunner.java:621)
	at org.testng.SuiteRunner.runTest(SuiteRunner.java:357)
	at org.testng.SuiteRunner.runSequentially(SuiteRunner.java:352)
	at org.testng.SuiteRunner.privateRun(SuiteRunner.java:310)
	at org.testng.SuiteRunner.run(SuiteRunner.java:259)
	at org.testng.SuiteRunnerWorker.runSuite(SuiteRunnerWorker.java:52)
	at org.testng.SuiteRunnerWorker.run(SuiteRunnerWorker.java:86)
	at org.testng.TestNG.runSuitesSequentially(TestNG.java:1199)
	at org.testng.TestNG.runSuitesLocally(TestNG.java:1124)
	at org.testng.TestNG.run(TestNG.java:1032)
	at org.testng.remote.RemoteTestNG.run(RemoteTestNG.java:111)
	at org.testng.remote.RemoteTestNG.initAndRun(RemoteTestNG.java:204)
	at org.testng.remote.RemoteTestNG.main(RemoteTestNG.java:175)
]]>
            </full-stacktrace>
          </exception> <!-- java.lang.NullPointerException -->
          <reporter-output>
          </reporter-output>
        </test-method> <!-- setUp -->
        <test-method status="SKIP" signature="verifyRegistrationFirstScreen()[pri:0, instance:com.tesco.clubcardmobile.tests.NoNetworkTest@5034c75a]" name="verifyRegistrationFirstScreen" duration-ms="1" started-at="2015-08-19T12:10:49Z" finished-at="2015-08-19T12:10:49Z">
          <reporter-output>
          </reporter-output>
        </test-method> <!-- verifyRegistrationFirstScreen -->
        <test-method status="PASS" signature="tearDown()[pri:0, instance:com.tesco.clubcardmobile.tests.NoNetworkTest@5034c75a]" name="tearDown" is-config="true" duration-ms="1" started-at="2015-08-19T12:10:49Z" finished-at="2015-08-19T12:10:49Z">
          <reporter-output>
          </reporter-output>
        </test-method> <!-- tearDown -->
        <test-method status="SKIP" signature="setUp(java.lang.String)[pri:0, instance:com.tesco.clubcardmobile.tests.NoNetworkTest@5034c75a]" name="setUp" is-config="true" duration-ms="0" started-at="2015-08-19T12:10:49Z" finished-at="2015-08-19T12:10:49Z">
          <reporter-output>
          </reporter-output>
        </test-method> <!-- setUp -->
        <test-method status="SKIP" signature="verifyRegistrationSecondScreen()[pri:0, instance:com.tesco.clubcardmobile.tests.NoNetworkTest@5034c75a]" name="verifyRegistrationSecondScreen" duration-ms="1" started-at="2015-08-19T12:10:49Z" finished-at="2015-08-19T12:10:49Z">
          <reporter-output>
          </reporter-output>
        </test-method> <!-- verifyRegistrationSecondScreen -->
        <test-method status="PASS" signature="tearDown()[pri:0, instance:com.tesco.clubcardmobile.tests.NoNetworkTest@5034c75a]" name="tearDown" is-config="true" duration-ms="1" started-at="2015-08-19T12:10:49Z" finished-at="2015-08-19T12:10:49Z">
          <reporter-output>
          </reporter-output>
        </test-method> <!-- tearDown -->
        <test-method status="SKIP" signature="setUp(java.lang.String)[pri:0, instance:com.tesco.clubcardmobile.tests.NoNetworkTest@5034c75a]" name="setUp" is-config="true" duration-ms="0" started-at="2015-08-19T12:10:49Z" finished-at="2015-08-19T12:10:49Z">
          <reporter-output>
          </reporter-output>
        </test-method> <!-- setUp -->
        <test-method status="SKIP" signature="verifySignInScreen(java.lang.String, java.lang.String)[pri:0, instance:com.tesco.clubcardmobile.tests.NoNetworkTest@5034c75a]" name="verifySignInScreen" duration-ms="0" started-at="2015-08-19T12:10:49Z" finished-at="2015-08-19T12:10:49Z">
          <params>
            <param index="0">
              <value>
                <![CDATA[Alison.m.bell@hotmail.co.uk]]>
              </value>
            </param>
            <param index="1">
              <value>
                <![CDATA[mar7Quee]]>
              </value>
            </param>
          </params>
          <reporter-output>
          </reporter-output>
        </test-method> <!-- verifySignInScreen -->
        <test-method status="PASS" signature="tearDown()[pri:0, instance:com.tesco.clubcardmobile.tests.NoNetworkTest@5034c75a]" name="tearDown" is-config="true" duration-ms="0" started-at="2015-08-19T12:10:49Z" finished-at="2015-08-19T12:10:49Z">
          <reporter-output>
          </reporter-output>
        </test-method> <!-- tearDown -->
        <test-method status="SKIP" signature="setUp(java.lang.String)[pri:0, instance:com.tesco.clubcardmobile.tests.NoNetworkTest@5034c75a]" name="setUp" is-config="true" duration-ms="0" started-at="2015-08-19T12:10:49Z" finished-at="2015-08-19T12:10:49Z">
          <reporter-output>
          </reporter-output>
        </test-method> <!-- setUp -->
        <test-method status="SKIP" signature="verifySecureSignInScreen(java.lang.String, java.lang.String, java.lang.String)[pri:0, instance:com.tesco.clubcardmobile.tests.NoNetworkTest@5034c75a]" name="verifySecureSignInScreen" duration-ms="1" started-at="2015-08-19T12:10:49Z" finished-at="2015-08-19T12:10:49Z">
          <params>
            <param index="0">
              <value>
                <![CDATA[LIVE]]>
              </value>
            </param>
            <param index="1">
              <value>
                <![CDATA[Alison.m.bell@hotmail.co.uk]]>
              </value>
            </param>
            <param index="2">
              <value>
                <![CDATA[mar7Quee]]>
              </value>
            </param>
          </params>
          <reporter-output>
          </reporter-output>
        </test-method> <!-- verifySecureSignInScreen -->
        <test-method status="PASS" signature="tearDown()[pri:0, instance:com.tesco.clubcardmobile.tests.NoNetworkTest@5034c75a]" name="tearDown" is-config="true" duration-ms="1" started-at="2015-08-19T12:10:49Z" finished-at="2015-08-19T12:10:49Z">
          <reporter-output>
          </reporter-output>
        </test-method> <!-- tearDown -->
        <test-method status="SKIP" signature="setUp(java.lang.String)[pri:0, instance:com.tesco.clubcardmobile.tests.NoNetworkTest@5034c75a]" name="setUp" is-config="true" duration-ms="0" started-at="2015-08-19T12:10:49Z" finished-at="2015-08-19T12:10:49Z">
          <reporter-output>
          </reporter-output>
        </test-method> <!-- setUp -->
        <test-method status="SKIP" signature="verifyHomeScreen(java.lang.String, java.lang.String, java.lang.String)[pri:0, instance:com.tesco.clubcardmobile.tests.NoNetworkTest@5034c75a]" name="verifyHomeScreen" duration-ms="0" started-at="2015-08-19T12:10:49Z" finished-at="2015-08-19T12:10:49Z">
          <params>
            <param index="0">
              <value>
                <![CDATA[LIVE]]>
              </value>
            </param>
            <param index="1">
              <value>
                <![CDATA[Alison.m.bell@hotmail.co.uk]]>
              </value>
            </param>
            <param index="2">
              <value>
                <![CDATA[mar7Quee]]>
              </value>
            </param>
          </params>
          <reporter-output>
          </reporter-output>
        </test-method> <!-- verifyHomeScreen -->
        <test-method status="PASS" signature="tearDown()[pri:0, instance:com.tesco.clubcardmobile.tests.NoNetworkTest@5034c75a]" name="tearDown" is-config="true" duration-ms="1" started-at="2015-08-19T12:10:49Z" finished-at="2015-08-19T12:10:49Z">
          <reporter-output>
          </reporter-output>
        </test-method> <!-- tearDown -->
        <test-method status="SKIP" signature="setUp(java.lang.String)[pri:0, instance:com.tesco.clubcardmobile.tests.NoNetworkTest@5034c75a]" name="setUp" is-config="true" duration-ms="0" started-at="2015-08-19T12:10:49Z" finished-at="2015-08-19T12:10:49Z">
          <reporter-output>
          </reporter-output>
        </test-method> <!-- setUp -->
        <test-method status="SKIP" signature="verifyStoreFinderScreen(java.lang.String, java.lang.String, java.lang.String)[pri:0, instance:com.tesco.clubcardmobile.tests.NoNetworkTest@5034c75a]" name="verifyStoreFinderScreen" duration-ms="1" started-at="2015-08-19T12:10:49Z" finished-at="2015-08-19T12:10:49Z">
          <params>
            <param index="0">
              <value>
                <![CDATA[LIVE]]>
              </value>
            </param>
            <param index="1">
              <value>
                <![CDATA[Alison.m.bell@hotmail.co.uk]]>
              </value>
            </param>
            <param index="2">
              <value>
                <![CDATA[mar7Quee]]>
              </value>
            </param>
          </params>
          <reporter-output>
          </reporter-output>
        </test-method> <!-- verifyStoreFinderScreen -->
        <test-method status="PASS" signature="tearDown()[pri:0, instance:com.tesco.clubcardmobile.tests.NoNetworkTest@5034c75a]" name="tearDown" is-config="true" duration-ms="0" started-at="2015-08-19T12:10:49Z" finished-at="2015-08-19T12:10:49Z">
          <reporter-output>
          </reporter-output>
        </test-method> <!-- tearDown -->
        <test-method status="SKIP" signature="setUp(java.lang.String)[pri:0, instance:com.tesco.clubcardmobile.tests.NoNetworkTest@5034c75a]" name="setUp" is-config="true" duration-ms="0" started-at="2015-08-19T12:10:49Z" finished-at="2015-08-19T12:10:49Z">
          <reporter-output>
          </reporter-output>
        </test-method> <!-- setUp -->
        <test-method status="SKIP" signature="verifyProfileScreen(java.lang.String, java.lang.String, java.lang.String)[pri:0, instance:com.tesco.clubcardmobile.tests.NoNetworkTest@5034c75a]" name="verifyProfileScreen" duration-ms="3" started-at="2015-08-19T12:10:49Z" finished-at="2015-08-19T12:10:49Z">
          <params>
            <param index="0">
              <value>
                <![CDATA[LIVE]]>
              </value>
            </param>
            <param index="1">
              <value>
                <![CDATA[Alison.m.bell@hotmail.co.uk]]>
              </value>
            </param>
            <param index="2">
              <value>
                <![CDATA[mar7Quee]]>
              </value>
            </param>
          </params>
          <reporter-output>
          </reporter-output>
        </test-method> <!-- verifyProfileScreen -->
        <test-method status="PASS" signature="tearDown()[pri:0, instance:com.tesco.clubcardmobile.tests.NoNetworkTest@5034c75a]" name="tearDown" is-config="true" duration-ms="1" started-at="2015-08-19T12:10:49Z" finished-at="2015-08-19T12:10:49Z">
          <reporter-output>
          </reporter-output>
        </test-method> <!-- tearDown -->
        <test-method status="SKIP" signature="setUp(java.lang.String)[pri:0, instance:com.tesco.clubcardmobile.tests.NoNetworkTest@5034c75a]" name="setUp" is-config="true" duration-ms="0" started-at="2015-08-19T12:10:49Z" finished-at="2015-08-19T12:10:49Z">
          <reporter-output>
          </reporter-output>
        </test-method> <!-- setUp -->
        <test-method status="SKIP" signature="verifyCouponsScreen(java.lang.String, java.lang.String, java.lang.String)[pri:0, instance:com.tesco.clubcardmobile.tests.NoNetworkTest@5034c75a]" name="verifyCouponsScreen" duration-ms="1" started-at="2015-08-19T12:10:49Z" finished-at="2015-08-19T12:10:49Z">
          <params>
            <param index="0">
              <value>
                <![CDATA[LIVE]]>
              </value>
            </param>
            <param index="1">
              <value>
                <![CDATA[Alison.m.bell@hotmail.co.uk]]>
              </value>
            </param>
            <param index="2">
              <value>
                <![CDATA[mar7Quee]]>
              </value>
            </param>
          </params>
          <reporter-output>
          </reporter-output>
        </test-method> <!-- verifyCouponsScreen -->
        <test-method status="PASS" signature="tearDown()[pri:0, instance:com.tesco.clubcardmobile.tests.NoNetworkTest@5034c75a]" name="tearDown" is-config="true" duration-ms="1" started-at="2015-08-19T12:10:49Z" finished-at="2015-08-19T12:10:49Z">
          <reporter-output>
          </reporter-output>
        </test-method> <!-- tearDown -->
        <test-method status="SKIP" signature="setUp(java.lang.String)[pri:0, instance:com.tesco.clubcardmobile.tests.NoNetworkTest@5034c75a]" name="setUp" is-config="true" duration-ms="0" started-at="2015-08-19T12:10:49Z" finished-at="2015-08-19T12:10:49Z">
          <reporter-output>
          </reporter-output>
        </test-method> <!-- setUp -->
        <test-method status="SKIP" signature="verifyOffersScreen(java.lang.String, java.lang.String, java.lang.String)[pri:0, instance:com.tesco.clubcardmobile.tests.NoNetworkTest@5034c75a]" name="verifyOffersScreen" duration-ms="1" started-at="2015-08-19T12:10:49Z" finished-at="2015-08-19T12:10:49Z">
          <params>
            <param index="0">
              <value>
                <![CDATA[LIVE]]>
              </value>
            </param>
            <param index="1">
              <value>
                <![CDATA[Alison.m.bell@hotmail.co.uk]]>
              </value>
            </param>
            <param index="2">
              <value>
                <![CDATA[mar7Quee]]>
              </value>
            </param>
          </params>
          <reporter-output>
          </reporter-output>
        </test-method> <!-- verifyOffersScreen -->
        <test-method status="PASS" signature="tearDown()[pri:0, instance:com.tesco.clubcardmobile.tests.NoNetworkTest@5034c75a]" name="tearDown" is-config="true" duration-ms="1" started-at="2015-08-19T12:10:49Z" finished-at="2015-08-19T12:10:49Z">
          <reporter-output>
          </reporter-output>
        </test-method> <!-- tearDown -->
        <test-method status="SKIP" signature="setUp(java.lang.String)[pri:0, instance:com.tesco.clubcardmobile.tests.NoNetworkTest@5034c75a]" name="setUp" is-config="true" duration-ms="0" started-at="2015-08-19T12:10:49Z" finished-at="2015-08-19T12:10:49Z">
          <reporter-output>
          </reporter-output>
        </test-method> <!-- setUp -->
        <test-method status="SKIP" signature="verifyTillScreen(java.lang.String, java.lang.String, java.lang.String)[pri:0, instance:com.tesco.clubcardmobile.tests.NoNetworkTest@5034c75a]" name="verifyTillScreen" duration-ms="1" started-at="2015-08-19T12:10:49Z" finished-at="2015-08-19T12:10:49Z">
          <params>
            <param index="0">
              <value>
                <![CDATA[LIVE]]>
              </value>
            </param>
            <param index="1">
              <value>
                <![CDATA[Alison.m.bell@hotmail.co.uk]]>
              </value>
            </param>
            <param index="2">
              <value>
                <![CDATA[mar7Quee]]>
              </value>
            </param>
          </params>
          <reporter-output>
          </reporter-output>
        </test-method> <!-- verifyTillScreen -->
        <test-method status="PASS" signature="tearDown()[pri:0, instance:com.tesco.clubcardmobile.tests.NoNetworkTest@5034c75a]" name="tearDown" is-config="true" duration-ms="1" started-at="2015-08-19T12:10:49Z" finished-at="2015-08-19T12:10:49Z">
          <reporter-output>
          </reporter-output>
        </test-method> <!-- tearDown -->
        <test-method status="SKIP" signature="setUp(java.lang.String)[pri:0, instance:com.tesco.clubcardmobile.tests.NoNetworkTest@5034c75a]" name="setUp" is-config="true" duration-ms="0" started-at="2015-08-19T12:10:49Z" finished-at="2015-08-19T12:10:49Z">
          <reporter-output>
          </reporter-output>
        </test-method> <!-- setUp -->
        <test-method status="SKIP" signature="verifyFAQScreen(java.lang.String, java.lang.String, java.lang.String)[pri:0, instance:com.tesco.clubcardmobile.tests.NoNetworkTest@5034c75a]" name="verifyFAQScreen" duration-ms="2" started-at="2015-08-19T12:10:49Z" finished-at="2015-08-19T12:10:49Z">
          <params>
            <param index="0">
              <value>
                <![CDATA[LIVE]]>
              </value>
            </param>
            <param index="1">
              <value>
                <![CDATA[Alison.m.bell@hotmail.co.uk]]>
              </value>
            </param>
            <param index="2">
              <value>
                <![CDATA[mar7Quee]]>
              </value>
            </param>
          </params>
          <reporter-output>
          </reporter-output>
        </test-method> <!-- verifyFAQScreen -->
        <test-method status="PASS" signature="tearDown()[pri:0, instance:com.tesco.clubcardmobile.tests.NoNetworkTest@5034c75a]" name="tearDown" is-config="true" duration-ms="0" started-at="2015-08-19T12:10:49Z" finished-at="2015-08-19T12:10:49Z">
          <reporter-output>
          </reporter-output>
        </test-method> <!-- tearDown -->
      </class> <!-- com.tesco.clubcardmobile.tests.NoNetworkTest -->
    </test> <!-- Login -->
  </suite> <!-- DC -->
</testng-results>
